<!DOCTYPE html>

<html>
  <head>
  <meta charset='utf-8'>
  <title>TestNG reports</title>

    <link type="text/css" href="testng-reports.css" rel="stylesheet" />
    <script type="text/javascript" src="jquery-1.7.1.min.js"></script>
    <script type="text/javascript" src="testng-reports.js"></script>
    <script type="text/javascript" src="https://www.google.com/jsapi"></script>
    <script type='text/javascript'>
      google.load('visualization', '1', {packages:['table']});
      google.setOnLoadCallback(drawTable);
      var suiteTableInitFunctions = new Array();
      var suiteTableData = new Array();
    </script>
    <!--
      <script type="text/javascript" src="jquery-ui/js/jquery-ui-1.8.16.custom.min.js"></script>
     -->
  </head>

  <body>
    <div class="top-banner-root">
      <span class="top-banner-title-font">Test results</span>
      <br/>
      <span class="top-banner-font-1">1 suite, 3 failed tests</span>
    </div> <!-- top-banner-root -->
    <div class="navigator-root">
      <div class="navigator-suite-header">
        <span>All suites</span>
        <a href="#" class="collapse-all-link" title="Collapse/expand all the suites">
          <img class="collapse-all-icon" src="collapseall.gif">
          </img> <!-- collapse-all-icon -->
        </a> <!-- collapse-all-link -->
      </div> <!-- navigator-suite-header -->
      <div class="suite">
        <div class="rounded-window">
          <div class="suite-header light-rounded-window-top">
            <a href="#" class="navigator-link" panel-name="suite-CT">
              <span class="suite-name border-failed">CT</span>
            </a> <!-- navigator-link -->
          </div> <!-- suite-header light-rounded-window-top -->
          <div class="navigator-suite-content">
            <div class="suite-section-title">
              <span>Info</span>
            </div> <!-- suite-section-title -->
            <div class="suite-section-content">
              <ul>
                <li>
                  <a href="#" class="navigator-link " panel-name="test-xml-CT">
                    <span>C:\Users\a.stojanovic\Desktop\POM-master\POM_FW\src\test\TestNG\CTTests.xml</span>
                  </a> <!-- navigator-link  -->
                </li>
                <li>
                  <a href="#" class="navigator-link " panel-name="testlist-CT">
                    <span class="test-stats">3 tests</span>
                  </a> <!-- navigator-link  -->
                </li>
                <li>
                  <a href="#" class="navigator-link " panel-name="group-CT">
                    <span>0 groups</span>
                  </a> <!-- navigator-link  -->
                </li>
                <li>
                  <a href="#" class="navigator-link " panel-name="times-CT">
                    <span>Times</span>
                  </a> <!-- navigator-link  -->
                </li>
                <li>
                  <a href="#" class="navigator-link " panel-name="reporter-CT">
                    <span>Reporter output</span>
                  </a> <!-- navigator-link  -->
                </li>
                <li>
                  <a href="#" class="navigator-link " panel-name="ignored-methods-CT">
                    <span>Ignored methods</span>
                  </a> <!-- navigator-link  -->
                </li>
                <li>
                  <a href="#" class="navigator-link " panel-name="chronological-CT">
                    <span>Chronological view</span>
                  </a> <!-- navigator-link  -->
                </li>
              </ul>
            </div> <!-- suite-section-content -->
            <div class="result-section">
              <div class="suite-section-title">
                <span>Results</span>
              </div> <!-- suite-section-title -->
              <div class="suite-section-content">
                <ul>
                  <li>
                    <span class="method-stats">3 methods, 3 failed,   </span>
                  </li>
                  <li>
                    <span class="method-list-title failed">Failed methods</span>
                    <span class="show-or-hide-methods failed">
                      <a href="#" panel-name="suite-CT" class="hide-methods failed suite-CT"> (hide)</a> <!-- hide-methods failed suite-CT -->
                      <a href="#" panel-name="suite-CT" class="show-methods failed suite-CT"> (show)</a> <!-- show-methods failed suite-CT -->
                    </span>
                    <div class="method-list-content failed suite-CT">
                      <span>
                        <img width="3%" src="failed.png"/>
                        <a href="#" class="method navigator-link" panel-name="suite-CT" title="tests.CTTests.CTCreateAccTests" hash-for-method="createAccountTest(Aleksandar, Stojanovic, Pass123!!, Hvala na registraciji. Molimo proverite email i aktivirajte Vaš n...)">createAccountTest(Aleksandar, Stojanovic, Pass123!!, Hvala na registraciji. Molimo proverite email i aktivirajte Vaš n...)</a> <!-- method navigator-link -->
                      </span>
                      <br/>
                      <span>
                        <img width="3%" src="failed.png"/>
                        <a href="#" class="method navigator-link" panel-name="suite-CT" title="tests.CTTests.CTCreateAccTests" hash-for-method="createAccountTest(Aleks4nd4r, Stojanovic, Pass123!!, Hvala na registraciji. Molimo proverite email i aktivirajte Vaš n...)">createAccountTest(Aleks4nd4r, Stojanovic, Pass123!!, Hvala na registraciji. Molimo proverite email i aktivirajte Vaš n...)</a> <!-- method navigator-link -->
                      </span>
                      <br/>
                      <span>
                        <img width="3%" src="failed.png"/>
                        <a href="#" class="method navigator-link" panel-name="suite-CT" title="tests.CTTests.CTCreateAccTests" hash-for-method="createAccountTest( Aleks nd r , Stojanovic, Pass123!!, Hvala na registraciji. Molimo proverite email i aktivirajte Vaš...)">createAccountTest( Aleks nd r , Stojanovic, Pass123!!, Hvala na registraciji. Molimo proverite email i aktivirajte Vaš...)</a> <!-- method navigator-link -->
                      </span>
                      <br/>
                    </div> <!-- method-list-content failed suite-CT -->
                  </li>
                </ul>
              </div> <!-- suite-section-content -->
            </div> <!-- result-section -->
          </div> <!-- navigator-suite-content -->
        </div> <!-- rounded-window -->
      </div> <!-- suite -->
    </div> <!-- navigator-root -->
    <div class="wrapper">
      <div class="main-panel-root">
        <div panel-name="suite-CT" class="panel CT">
          <div class="suite-CT-class-failed">
            <div class="main-panel-header rounded-window-top">
              <img src="failed.png"/>
              <span class="class-name">tests.CTTests.CTCreateAccTests</span>
            </div> <!-- main-panel-header rounded-window-top -->
            <div class="main-panel-content rounded-window-bottom">
              <div class="method">
                <div class="method-content">
                  <a name="createAccountTest(Aleksandar, Stojanovic, Pass123!!, Hvala na registraciji. Molimo proverite email i aktivirajte Vaš n...)">
                  </a> <!-- createAccountTest(Aleksandar, Stojanovic, Pass123!!, Hvala na registraciji. Molimo proverite email i aktivirajte Vaš n...) -->
                  <span class="method-name">createAccountTest</span>
                  <span class="parameters">(Aleksandar, Stojanovic, Pass123!!, Hvala na registraciji. Molimo proverite email i aktivirajte Vaš nalog.)</span>
                  <div class="stack-trace">org.openqa.selenium.NoSuchElementException: no such element: Unable to locate element: {&quot;method&quot;:&quot;css selector&quot;,&quot;selector&quot;:&quot;.alert.alert-success&gt;p&quot;}
  (Session info: chrome=87.0.4280.66)
For documentation on this error, please visit: https://www.seleniumhq.org/exceptions/no_such_element.html
Build info: version: &apos;3.141.59&apos;, revision: &apos;e82be7d358&apos;, time: &apos;2018-11-14T08:17:03&apos;
System info: host: &apos;RS-QA-LP-005&apos;, ip: &apos;10.0.75.1&apos;, os.name: &apos;Windows 10&apos;, os.arch: &apos;amd64&apos;, os.version: &apos;10.0&apos;, java.version: &apos;1.8.0_221&apos;
Driver info: org.openqa.selenium.chrome.ChromeDriver
Capabilities {acceptInsecureCerts: false, browserName: chrome, browserVersion: 87.0.4280.66, chrome: {chromedriverVersion: 86.0.4240.22 (398b0743353ff..., userDataDir: C:\Users\A35C9~1.STO\AppDat...}, goog:chromeOptions: {debuggerAddress: localhost:57094}, javascriptEnabled: true, networkConnectionEnabled: false, pageLoadStrategy: normal, platform: WINDOWS, platformName: WINDOWS, proxy: Proxy(), setWindowRect: true, strictFileInteractability: false, timeouts: {implicit: 0, pageLoad: 300000, script: 30000}, unhandledPromptBehavior: dismiss and notify, webauthn:virtualAuthenticators: true}
Session ID: c38a08c0f0afc29e252881bcaab75201
*** Element info: {Using=css selector, value=.alert.alert-success&gt;p}
	at org.openqa.selenium.remote.http.W3CHttpResponseCodec.createException(W3CHttpResponseCodec.java:187)
	at org.openqa.selenium.remote.http.W3CHttpResponseCodec.decode(W3CHttpResponseCodec.java:122)
	at org.openqa.selenium.remote.http.W3CHttpResponseCodec.decode(W3CHttpResponseCodec.java:49)
	at org.openqa.selenium.remote.HttpCommandExecutor.execute(HttpCommandExecutor.java:158)
	at org.openqa.selenium.remote.service.DriverCommandExecutor.execute(DriverCommandExecutor.java:83)
	at org.openqa.selenium.remote.RemoteWebDriver.execute(RemoteWebDriver.java:552)
	at org.openqa.selenium.remote.RemoteWebDriver.findElement(RemoteWebDriver.java:323)
	at org.openqa.selenium.remote.RemoteWebDriver.findElementByCssSelector(RemoteWebDriver.java:420)
	at org.openqa.selenium.By$ByCssSelector.findElement(By.java:431)
	at org.openqa.selenium.remote.RemoteWebDriver.findElement(RemoteWebDriver.java:315)
	at pom_classes.CT.CTAccount.checkAllertMsg(CTAccount.java:17)
	at tests.CTTests.CTCreateAccTests.createAccountTest(CTCreateAccTests.java:49)
	at java.util.ArrayList.forEach(ArrayList.java:1257)
... Removed 34 stack frames
</div> <!-- stack-trace -->
                </div> <!-- method-content -->
              </div> <!-- method -->
              <div class="method">
                <div class="method-content">
                  <a name="createAccountTest(Aleks4nd4r, Stojanovic, Pass123!!, Hvala na registraciji. Molimo proverite email i aktivirajte Vaš n...)">
                  </a> <!-- createAccountTest(Aleks4nd4r, Stojanovic, Pass123!!, Hvala na registraciji. Molimo proverite email i aktivirajte Vaš n...) -->
                  <span class="method-name">createAccountTest</span>
                  <span class="parameters">(Aleks4nd4r, Stojanovic, Pass123!!, Hvala na registraciji. Molimo proverite email i aktivirajte Vaš nalog.)</span>
                  <div class="stack-trace">org.openqa.selenium.NoSuchElementException: no such element: Unable to locate element: {&quot;method&quot;:&quot;css selector&quot;,&quot;selector&quot;:&quot;.alert.alert-success&gt;p&quot;}
  (Session info: chrome=87.0.4280.66)
For documentation on this error, please visit: https://www.seleniumhq.org/exceptions/no_such_element.html
Build info: version: &apos;3.141.59&apos;, revision: &apos;e82be7d358&apos;, time: &apos;2018-11-14T08:17:03&apos;
System info: host: &apos;RS-QA-LP-005&apos;, ip: &apos;10.0.75.1&apos;, os.name: &apos;Windows 10&apos;, os.arch: &apos;amd64&apos;, os.version: &apos;10.0&apos;, java.version: &apos;1.8.0_221&apos;
Driver info: org.openqa.selenium.chrome.ChromeDriver
Capabilities {acceptInsecureCerts: false, browserName: chrome, browserVersion: 87.0.4280.66, chrome: {chromedriverVersion: 86.0.4240.22 (398b0743353ff..., userDataDir: C:\Users\A35C9~1.STO\AppDat...}, goog:chromeOptions: {debuggerAddress: localhost:57173}, javascriptEnabled: true, networkConnectionEnabled: false, pageLoadStrategy: normal, platform: WINDOWS, platformName: WINDOWS, proxy: Proxy(), setWindowRect: true, strictFileInteractability: false, timeouts: {implicit: 0, pageLoad: 300000, script: 30000}, unhandledPromptBehavior: dismiss and notify, webauthn:virtualAuthenticators: true}
Session ID: ed05212a64feaacb5cd59fb74619b687
*** Element info: {Using=css selector, value=.alert.alert-success&gt;p}
	at org.openqa.selenium.remote.http.W3CHttpResponseCodec.createException(W3CHttpResponseCodec.java:187)
	at org.openqa.selenium.remote.http.W3CHttpResponseCodec.decode(W3CHttpResponseCodec.java:122)
	at org.openqa.selenium.remote.http.W3CHttpResponseCodec.decode(W3CHttpResponseCodec.java:49)
	at org.openqa.selenium.remote.HttpCommandExecutor.execute(HttpCommandExecutor.java:158)
	at org.openqa.selenium.remote.service.DriverCommandExecutor.execute(DriverCommandExecutor.java:83)
	at org.openqa.selenium.remote.RemoteWebDriver.execute(RemoteWebDriver.java:552)
	at org.openqa.selenium.remote.RemoteWebDriver.findElement(RemoteWebDriver.java:323)
	at org.openqa.selenium.remote.RemoteWebDriver.findElementByCssSelector(RemoteWebDriver.java:420)
	at org.openqa.selenium.By$ByCssSelector.findElement(By.java:431)
	at org.openqa.selenium.remote.RemoteWebDriver.findElement(RemoteWebDriver.java:315)
	at pom_classes.CT.CTAccount.checkAllertMsg(CTAccount.java:17)
	at tests.CTTests.CTCreateAccTests.createAccountTest(CTCreateAccTests.java:49)
	at java.util.ArrayList.forEach(ArrayList.java:1257)
... Removed 34 stack frames
</div> <!-- stack-trace -->
                </div> <!-- method-content -->
              </div> <!-- method -->
              <div class="method">
                <div class="method-content">
                  <a name="createAccountTest( Aleks nd r , Stojanovic, Pass123!!, Hvala na registraciji. Molimo proverite email i aktivirajte Vaš...)">
                  </a> <!-- createAccountTest( Aleks nd r , Stojanovic, Pass123!!, Hvala na registraciji. Molimo proverite email i aktivirajte Vaš...) -->
                  <span class="method-name">createAccountTest</span>
                  <span class="parameters">( Aleks nd r , Stojanovic, Pass123!!, Hvala na registraciji. Molimo proverite email i aktivirajte Vaš nalog.)</span>
                  <div class="stack-trace">org.openqa.selenium.NoSuchElementException: no such element: Unable to locate element: {&quot;method&quot;:&quot;css selector&quot;,&quot;selector&quot;:&quot;.alert.alert-success&gt;p&quot;}
  (Session info: chrome=87.0.4280.66)
For documentation on this error, please visit: https://www.seleniumhq.org/exceptions/no_such_element.html
Build info: version: &apos;3.141.59&apos;, revision: &apos;e82be7d358&apos;, time: &apos;2018-11-14T08:17:03&apos;
System info: host: &apos;RS-QA-LP-005&apos;, ip: &apos;10.0.75.1&apos;, os.name: &apos;Windows 10&apos;, os.arch: &apos;amd64&apos;, os.version: &apos;10.0&apos;, java.version: &apos;1.8.0_221&apos;
Driver info: org.openqa.selenium.chrome.ChromeDriver
Capabilities {acceptInsecureCerts: false, browserName: chrome, browserVersion: 87.0.4280.66, chrome: {chromedriverVersion: 86.0.4240.22 (398b0743353ff..., userDataDir: C:\Users\A35C9~1.STO\AppDat...}, goog:chromeOptions: {debuggerAddress: localhost:57237}, javascriptEnabled: true, networkConnectionEnabled: false, pageLoadStrategy: normal, platform: WINDOWS, platformName: WINDOWS, proxy: Proxy(), setWindowRect: true, strictFileInteractability: false, timeouts: {implicit: 0, pageLoad: 300000, script: 30000}, unhandledPromptBehavior: dismiss and notify, webauthn:virtualAuthenticators: true}
Session ID: 1e4a3992109e982a0234bbccbb5d6fca
*** Element info: {Using=css selector, value=.alert.alert-success&gt;p}
	at org.openqa.selenium.remote.http.W3CHttpResponseCodec.createException(W3CHttpResponseCodec.java:187)
	at org.openqa.selenium.remote.http.W3CHttpResponseCodec.decode(W3CHttpResponseCodec.java:122)
	at org.openqa.selenium.remote.http.W3CHttpResponseCodec.decode(W3CHttpResponseCodec.java:49)
	at org.openqa.selenium.remote.HttpCommandExecutor.execute(HttpCommandExecutor.java:158)
	at org.openqa.selenium.remote.service.DriverCommandExecutor.execute(DriverCommandExecutor.java:83)
	at org.openqa.selenium.remote.RemoteWebDriver.execute(RemoteWebDriver.java:552)
	at org.openqa.selenium.remote.RemoteWebDriver.findElement(RemoteWebDriver.java:323)
	at org.openqa.selenium.remote.RemoteWebDriver.findElementByCssSelector(RemoteWebDriver.java:420)
	at org.openqa.selenium.By$ByCssSelector.findElement(By.java:431)
	at org.openqa.selenium.remote.RemoteWebDriver.findElement(RemoteWebDriver.java:315)
	at pom_classes.CT.CTAccount.checkAllertMsg(CTAccount.java:17)
	at tests.CTTests.CTCreateAccTests.createAccountTest(CTCreateAccTests.java:49)
	at java.util.ArrayList.forEach(ArrayList.java:1257)
... Removed 34 stack frames
</div> <!-- stack-trace -->
                </div> <!-- method-content -->
              </div> <!-- method -->
            </div> <!-- main-panel-content rounded-window-bottom -->
          </div> <!-- suite-CT-class-failed -->
        </div> <!-- panel CT -->
        <div panel-name="test-xml-CT" class="panel">
          <div class="main-panel-header rounded-window-top">
            <span class="header-content">C:\Users\a.stojanovic\Desktop\POM-master\POM_FW\src\test\TestNG\CTTests.xml</span>
          </div> <!-- main-panel-header rounded-window-top -->
          <div class="main-panel-content rounded-window-bottom">
            <pre>
&lt;?xml version=&quot;1.0&quot; encoding=&quot;UTF-8&quot;?&gt;
&lt;!DOCTYPE suite SYSTEM &quot;https://testng.org/testng-1.0.dtd&quot;&gt;
&lt;suite thread-count=&quot;1&quot; guice-stage=&quot;DEVELOPMENT&quot; verbose=&quot;0&quot; name=&quot;CT&quot;&gt;
  &lt;parameter name=&quot;ime&quot; value=&quot;Aleksandar&quot;/&gt;
  &lt;parameter name=&quot;prezime&quot; value=&quot;Stojanovic&quot;/&gt;
  &lt;parameter name=&quot;password&quot; value=&quot;Pass123!!&quot;/&gt;
  &lt;parameter name=&quot;allMsg&quot; value=&quot;Hvala na registraciji. Molimo proverite email i aktivirajte Vaš nalog.&quot;/&gt;
  &lt;test thread-count=&quot;1&quot; verbose=&quot;0&quot; name=&quot;CT Create Account&quot;&gt;
    &lt;classes&gt;
      &lt;class name=&quot;tests.CTTests.CTCreateAccTests&quot;/&gt;
    &lt;/classes&gt;
  &lt;/test&gt; &lt;!-- CT Create Account --&gt;
  &lt;test thread-count=&quot;1&quot; verbose=&quot;0&quot; name=&quot;CT Create Account with numbers in Name&quot;&gt;
    &lt;parameter name=&quot;ime&quot; value=&quot;Aleks4nd4r&quot;/&gt;
    &lt;classes&gt;
      &lt;class name=&quot;tests.CTTests.CTCreateAccTests&quot;/&gt;
    &lt;/classes&gt;
  &lt;/test&gt; &lt;!-- CT Create Account with numbers in Name --&gt;
  &lt;test thread-count=&quot;1&quot; verbose=&quot;0&quot; name=&quot;CT Create Account with spaces in Name&quot;&gt;
    &lt;parameter name=&quot;ime&quot; value=&quot; Aleks nd r &quot;/&gt;
    &lt;classes&gt;
      &lt;class name=&quot;tests.CTTests.CTCreateAccTests&quot;/&gt;
    &lt;/classes&gt;
  &lt;/test&gt; &lt;!-- CT Create Account with spaces in Name --&gt;
&lt;/suite&gt; &lt;!-- CT --&gt;
            </pre>
          </div> <!-- main-panel-content rounded-window-bottom -->
        </div> <!-- panel -->
        <div panel-name="testlist-CT" class="panel">
          <div class="main-panel-header rounded-window-top">
            <span class="header-content">Tests for CT</span>
          </div> <!-- main-panel-header rounded-window-top -->
          <div class="main-panel-content rounded-window-bottom">
            <ul>
              <li>
                <span class="test-name">CT Create Account (1 class)</span>
              </li>
              <li>
                <span class="test-name">CT Create Account with numbers in Name (1 class)</span>
              </li>
              <li>
                <span class="test-name">CT Create Account with spaces in Name (1 class)</span>
              </li>
            </ul>
          </div> <!-- main-panel-content rounded-window-bottom -->
        </div> <!-- panel -->
        <div panel-name="group-CT" class="panel">
          <div class="main-panel-header rounded-window-top">
            <span class="header-content">Groups for CT</span>
          </div> <!-- main-panel-header rounded-window-top -->
          <div class="main-panel-content rounded-window-bottom">
          </div> <!-- main-panel-content rounded-window-bottom -->
        </div> <!-- panel -->
        <div panel-name="times-CT" class="panel">
          <div class="main-panel-header rounded-window-top">
            <span class="header-content">Times for CT</span>
          </div> <!-- main-panel-header rounded-window-top -->
          <div class="main-panel-content rounded-window-bottom">
            <div class="times-div">
              <script type="text/javascript">
suiteTableInitFunctions.push('tableData_CT');
function tableData_CT() {
var data = new google.visualization.DataTable();
data.addColumn('number', 'Number');
data.addColumn('string', 'Method');
data.addColumn('string', 'Class');
data.addColumn('number', 'Time (ms)');
data.addRows(3);
data.setCell(0, 0, 0)
data.setCell(0, 1, 'createAccountTest')
data.setCell(0, 2, 'tests.CTTests.CTCreateAccTests')
data.setCell(0, 3, 10973);
data.setCell(1, 0, 1)
data.setCell(1, 1, 'createAccountTest')
data.setCell(1, 2, 'tests.CTTests.CTCreateAccTests')
data.setCell(1, 3, 10957);
data.setCell(2, 0, 2)
data.setCell(2, 1, 'createAccountTest')
data.setCell(2, 2, 'tests.CTTests.CTCreateAccTests')
data.setCell(2, 3, 10856);
window.suiteTableData['CT']= { tableData: data, tableDiv: 'times-div-CT'}
return data;
}
              </script>
              <span class="suite-total-time">Total running time: 32 seconds</span>
              <div id="times-div-CT">
              </div> <!-- times-div-CT -->
            </div> <!-- times-div -->
          </div> <!-- main-panel-content rounded-window-bottom -->
        </div> <!-- panel -->
        <div panel-name="reporter-CT" class="panel">
          <div class="main-panel-header rounded-window-top">
            <span class="header-content">Reporter output for CT</span>
          </div> <!-- main-panel-header rounded-window-top -->
          <div class="main-panel-content rounded-window-bottom">
          </div> <!-- main-panel-content rounded-window-bottom -->
        </div> <!-- panel -->
        <div panel-name="ignored-methods-CT" class="panel">
          <div class="main-panel-header rounded-window-top">
            <span class="header-content">0 ignored methods</span>
          </div> <!-- main-panel-header rounded-window-top -->
          <div class="main-panel-content rounded-window-bottom">
          </div> <!-- main-panel-content rounded-window-bottom -->
        </div> <!-- panel -->
        <div panel-name="chronological-CT" class="panel">
          <div class="main-panel-header rounded-window-top">
            <span class="header-content">Methods in chronological order</span>
          </div> <!-- main-panel-header rounded-window-top -->
          <div class="main-panel-content rounded-window-bottom">
            <div class="chronological-class">
              <div class="chronological-class-name">tests.CTTests.CTCreateAccTests</div> <!-- chronological-class-name -->
              <div class="configuration-method before">
                <span class="method-name">setup</span>
                <span class="method-start">0 ms</span>
              </div> <!-- configuration-method before -->
              <div class="test-method">
                <img src="failed.png">
                </img>
                <span class="method-name">createAccountTest(Aleksandar, Stojanovic, Pass123!!, Hvala na registraciji. Molimo proverite email i aktivirajte Vaš n...)</span>
                <span class="method-start">7556 ms</span>
              </div> <!-- test-method -->
              <div class="configuration-method after">
                <span class="method-name">tearDown</span>
                <span class="method-start">29584 ms</span>
              </div> <!-- configuration-method after -->
              <div class="configuration-method before">
                <span class="method-name">setup</span>
                <span class="method-start">30302 ms</span>
              </div> <!-- configuration-method before -->
              <div class="test-method">
                <img src="failed.png">
                </img>
                <span class="method-name">createAccountTest(Aleks4nd4r, Stojanovic, Pass123!!, Hvala na registraciji. Molimo proverite email i aktivirajte Vaš n...)</span>
                <span class="method-start">35775 ms</span>
              </div> <!-- test-method -->
              <div class="configuration-method after">
                <span class="method-name">tearDown</span>
                <span class="method-start">53791 ms</span>
              </div> <!-- configuration-method after -->
              <div class="configuration-method before">
                <span class="method-name">setup</span>
                <span class="method-start">54492 ms</span>
              </div> <!-- configuration-method before -->
              <div class="test-method">
                <img src="failed.png">
                </img>
                <span class="method-name">createAccountTest( Aleks nd r , Stojanovic, Pass123!!, Hvala na registraciji. Molimo proverite email i aktivirajte Vaš...)</span>
                <span class="method-start">59902 ms</span>
              </div> <!-- test-method -->
              <div class="configuration-method after">
                <span class="method-name">tearDown</span>
                <span class="method-start">112584 ms</span>
              </div> <!-- configuration-method after -->
          </div> <!-- main-panel-content rounded-window-bottom -->
        </div> <!-- panel -->
      </div> <!-- main-panel-root -->
    </div> <!-- wrapper -->
  </body>
</html>
